0 info it worked if it ends with ok
1 verbose cli [ 'E:\\Programs\\node\\node.exe',
1 verbose cli   'E:\\Programs\\node\\node_modules\\npm\\bin\\npm-cli.js',
1 verbose cli   'run',
1 verbose cli   'test' ]
2 info using npm@3.10.10
3 info using node@v6.11.2
4 verbose run-script [ 'pretest', 'test', 'posttest' ]
5 info lifecycle remote-shutdown@1.0.0~pretest: remote-shutdown@1.0.0
6 silly lifecycle remote-shutdown@1.0.0~pretest: no script for pretest, continuing
7 info lifecycle remote-shutdown@1.0.0~test: remote-shutdown@1.0.0
8 verbose lifecycle remote-shutdown@1.0.0~test: unsafe-perm in lifecycle true
9 verbose lifecycle remote-shutdown@1.0.0~test: PATH: E:\Programs\node\node_modules\npm\bin\node-gyp-bin;E:\git\remote-shutdown\node_modules\.bin;C:\ProgramData\Oracle\Java\javapath;C:\Program Files (x86)\Razer Chroma SDK\bin;C:\Program Files\Razer Chroma SDK\bin;C:\Windows\System32;C:\WINDOWS\System32\WindowsPowerShell\v1.0\;C:\WINDOWS\system32;C:\WINDOWS;C:\WINDOWS\System32\Wbem;C:\WINDOWS\System32\WindowsPowerShell\v1.0\;C:\Users\Matt\AppData\Local\Programs\Python\Python35-32;C:\Windows\Microsoft.NET\Framework\v2.0.50727\vbc.exe\;C:\Windows\Microsoft.NET\Framework\v2.0.50727\;C:\Program Files (x86)\Skype\Phone\;C:\Program Files\Java\jdk1.8.0_121\bin;E:\Programs\TightVNC;E:\Programs\node\;E:\Programs\gitbash\cmd;E:\cygwin\cygwin-b20\H-i586-cygwin32\bin;E:\Programs\php;C:\ProgramData\ComposerSetup\bin;C:\WINDOWS\System32\OpenSSH\;E:\Programs\cygwin64\bin;E:\Programs\VSCode\bin;C:\Program Files\Java\jre1.8.0_144\bin;C:\WINDOWS\System32\OpenSSH\;E:\Programs\Python3.5.2\Scripts\;E:\Programs\Python3.5.2\;C:\Windows\Microsoft.NET\Framework\v2.0.50727\vbc.exe\;C:\Users\Matt\AppData\Local\Microsoft\WindowsApps;C:\Users\Matt\AppData\Roaming\npm;C:\Users\Matt\AppData\Local\Microsoft\WindowsApps;E:\Programs\php;E:\Programs\ngrok;C:\Users\Matt\AppData\Roaming\Composer\vendor\bin;E:\Programs\Heroku\bin;E:\Programs\VSCode\bin;C:\Users\Matt\AppData\Roaming\Dashlane\6.1839.0.13410\bin\Firefox_Extension\{442718d9-475e-452a-b3e1-fb1ee16b8e9f}\components;C:\Users\Matt\AppData\Roaming\Dashlane\6.1839.0.13410\ucrt;C:\Users\Matt\AppData\Roaming\Dashlane\6.1839.0.13410\bin\Qt;C:\Users\Matt\AppData\Roaming\Dashlane\6.1839.0.13410\ucrt;C:\Users\Matt\AppData\Roaming\Dashlane\6.1839.0.13410\bin\Ssl
10 verbose lifecycle remote-shutdown@1.0.0~test: CWD: E:\git\remote-shutdown
11 silly lifecycle remote-shutdown@1.0.0~test: Args: [ '/d /s /c', 'node src/js/index.js' ]
12 silly lifecycle remote-shutdown@1.0.0~test: Returned: code: 1  signal: null
13 info lifecycle remote-shutdown@1.0.0~test: Failed to exec test script
14 verbose stack Error: remote-shutdown@1.0.0 test: `node src/js/index.js`
14 verbose stack Exit status 1
14 verbose stack     at EventEmitter.<anonymous> (E:\Programs\node\node_modules\npm\lib\utils\lifecycle.js:255:16)
14 verbose stack     at emitTwo (events.js:106:13)
14 verbose stack     at EventEmitter.emit (events.js:191:7)
14 verbose stack     at ChildProcess.<anonymous> (E:\Programs\node\node_modules\npm\lib\utils\spawn.js:40:14)
14 verbose stack     at emitTwo (events.js:106:13)
14 verbose stack     at ChildProcess.emit (events.js:191:7)
14 verbose stack     at maybeClose (internal/child_process.js:891:16)
14 verbose stack     at Process.ChildProcess._handle.onexit (internal/child_process.js:226:5)
15 verbose pkgid remote-shutdown@1.0.0
16 verbose cwd E:\git\remote-shutdown
17 error Windows_NT 10.0.17134
18 error argv "E:\\Programs\\node\\node.exe" "E:\\Programs\\node\\node_modules\\npm\\bin\\npm-cli.js" "run" "test"
19 error node v6.11.2
20 error npm  v3.10.10
21 error code ELIFECYCLE
22 error remote-shutdown@1.0.0 test: `node src/js/index.js`
22 error Exit status 1
23 error Failed at the remote-shutdown@1.0.0 test script 'node src/js/index.js'.
23 error Make sure you have the latest version of node.js and npm installed.
23 error If you do, this is most likely a problem with the remote-shutdown package,
23 error not with npm itself.
23 error Tell the author that this fails on your system:
23 error     node src/js/index.js
23 error You can get information on how to open an issue for this project with:
23 error     npm bugs remote-shutdown
23 error Or if that isn't available, you can get their info via:
23 error     npm owner ls remote-shutdown
23 error There is likely additional logging output above.
24 verbose exit [ 1, true ]
